[1]listening at http://localhost:3001 now
[2][CRON] excuting cron task
[3]GET http://192.168.3.4/instamove/events
[4]UPDATE test_event_03
[5]UPDATE test_event_0001
[6]UPDATE event_2020_9_21_15_31_58
[7]UPDATE test_event_01
[8]UPDATE test_event_02
[9]UPDATE event_2020_9_21_14_25_05
[10]SELECT events
[11]GET /insbe/getTags
[12]GET /insbe/getIndividuals
[13]SELECT events
[14]GET /insbe/getIndividuals
[15]GET /insbe/getTags
[16][CRON] excuting cron task
[17]GET http://192.168.3.4/instamove/events
[18]UPDATE test_event_03
[19]UPDATE test_event_0001
[20]UPDATE event_2020_9_21_15_31_58
[21]UPDATE test_event_01
[22]UPDATE test_event_02
[23]UPDATE event_2020_9_21_14_25_05
[24]SELECT events
[25]GET /insbe/getIndividuals
[26]GET /insbe/getTags
[27]SELECT events
[28]GET /insbe/getTags
[29]GET /insbe/getIndividuals
[30][CRON] excuting cron task
[31]GET http://192.168.3.4/instamove/events
[32]UPDATE test_event_03
[33]UPDATE test_event_0001
[34]UPDATE event_2020_9_21_15_31_58
[35]UPDATE test_event_01
[36]UPDATE test_event_02
[37]UPDATE event_2020_9_21_14_25_05
[38]SELECT events
[39]GET /insbe/getIndividuals
[40]GET /insbe/getTags
[41]SELECT events
[42]GET /insbe/getIndividuals
[43]GET /insbe/getTags
[44][CRON] excuting cron task
[45]GET http://192.168.3.4/instamove/events
[46]UPDATE test_event_03
[47]UPDATE test_event_0001
[48]UPDATE event_2020_9_21_15_31_58
[49]UPDATE test_event_01
[50]UPDATE test_event_02
[51]UPDATE event_2020_9_21_14_25_05
[52]SELECT events
[53]GET /insbe/getTags
[54]GET /insbe/getIndividuals
[55]SELECT events
[56]GET /insbe/getIndividuals
[57]GET /insbe/getTags
[58][CRON] excuting cron task
[59]GET http://192.168.3.4/instamove/events
[60]UPDATE test_event_03
[61]UPDATE test_event_0001
[62]UPDATE event_2020_9_21_15_31_58
[63]UPDATE test_event_01
[64]UPDATE test_event_02
[65]UPDATE event_2020_9_21_14_25_05
[66]SELECT events
[67]GET /insbe/getIndividuals
[68]GET /insbe/getTags
[69]SELECT events
[70]GET /insbe/getTags
[71]GET /insbe/getIndividuals
[72][CRON] excuting cron task
[73]GET http://192.168.3.4/instamove/events
[74]UPDATE test_event_03
[75]UPDATE test_event_0001
[76]UPDATE event_2020_9_21_15_31_58
[77]UPDATE test_event_01
[78]UPDATE test_event_02
[79]UPDATE event_2020_9_21_14_25_05
[80]SELECT events
[81]GET /insbe/getIndividuals
[82]GET /insbe/getTags
[83]SELECT events
[84]GET /insbe/getIndividuals
[85]GET /insbe/getTags
[86][CRON] excuting cron task
[87]GET http://192.168.3.4/instamove/events
[88]UPDATE test_event_03
[89]UPDATE test_event_0001
[90]UPDATE event_2020_9_21_15_31_58
[91]UPDATE test_event_01
[92]UPDATE test_event_02
[93]UPDATE event_2020_9_21_14_25_05
[94]SELECT events
[95]GET /insbe/getTags
[96]GET /insbe/getIndividuals
[97]SELECT events
[98]GET /insbe/getIndividuals
[99]GET /insbe/getTags
[100][CRON] excuting cron task
[101]GET http://192.168.3.4/instamove/events
[102]UPDATE test_event_03
[103]UPDATE test_event_0001
[104]UPDATE event_2020_9_21_15_31_58
[105]UPDATE test_event_01
[106]UPDATE test_event_02
[107]UPDATE event_2020_9_21_14_25_05
[108]SELECT events
[109]GET /insbe/getIndividuals
[110]GET /insbe/getTags
[111]SELECT events
[112]GET /insbe/getTags
[113]GET /insbe/getIndividuals
[114][CRON] excuting cron task
[115]GET http://192.168.3.4/instamove/events
[116]UPDATE test_event_03
[117]UPDATE test_event_0001
[118]UPDATE event_2020_9_21_15_31_58
[119]UPDATE test_event_01
[120]UPDATE test_event_02
[121]UPDATE event_2020_9_21_14_25_05
[122]SELECT events
[123]GET /insbe/getIndividuals
[124]GET /insbe/getTags
[125]SELECT events
[126]GET /insbe/getIndividuals
[127]GET /insbe/getTags
[128][CRON] excuting cron task
[129]GET http://192.168.3.4/instamove/events
[130]UPDATE test_event_03
[131]UPDATE test_event_0001
[132]UPDATE event_2020_9_21_15_31_58
[133]UPDATE test_event_01
[134]UPDATE test_event_02
[135]UPDATE event_2020_9_21_14_25_05
[136]SELECT events
[137]GET /insbe/getTags
[138]GET /insbe/getIndividuals
[139]SELECT events
[140]GET /insbe/getIndividuals
[141]GET /insbe/getTags
[142][CRON] excuting cron task
[143]GET http://192.168.3.4/instamove/events
[144]UPDATE test_event_03
[145]UPDATE test_event_0001
[146]UPDATE event_2020_9_21_15_31_58
[147]UPDATE test_event_01
[148]UPDATE test_event_02
[149]UPDATE event_2020_9_21_14_25_05
[150]SELECT events
[151]GET /insbe/getTags
[152]GET /insbe/getIndividuals
[153]SELECT events
[154]GET /insbe/getIndividuals
[155]GET /insbe/getTags
[156][CRON] excuting cron task
[157]GET http://192.168.3.4/instamove/events
[158]UPDATE test_event_03
[159]UPDATE test_event_0001
[160]UPDATE event_2020_9_21_15_31_58
[161]UPDATE test_event_01
[162]UPDATE test_event_02
[163]UPDATE event_2020_9_21_14_25_05
[164]SELECT events
[165]GET /insbe/getIndividuals
[166]GET /insbe/getTags
[167]SELECT events
[168]GET /insbe/getTags
[169]GET /insbe/getIndividuals
[170][CRON] excuting cron task
[171]GET http://192.168.3.4/instamove/events
[172]UPDATE test_event_03
[173]UPDATE test_event_0001
[174]UPDATE event_2020_9_21_15_31_58
[175]UPDATE test_event_01
[176]UPDATE test_event_02
[177]UPDATE event_2020_9_21_14_25_05
[178]SELECT events
[179]GET /insbe/getIndividuals
[180]GET /insbe/getTags
[181]SELECT events
[182]GET /insbe/getIndividuals
[183]GET /insbe/getTags
[184][CRON] excuting cron task
[185]GET http://192.168.3.4/instamove/events
[186]UPDATE test_event_03
[187]UPDATE test_event_0001
[188]UPDATE event_2020_9_21_15_31_58
[189]UPDATE test_event_01
[190]UPDATE test_event_02
[191]UPDATE event_2020_9_21_14_25_05
[192]SELECT events
[193]GET /insbe/getTags
[194]GET /insbe/getIndividuals
[195]SELECT events
[196]GET /insbe/getIndividuals
[197]GET /insbe/getTags
[198][CRON] excuting cron task
[199]GET http://192.168.3.4/instamove/events
[200]UPDATE test_event_03
[201]UPDATE test_event_0001
[202]UPDATE event_2020_9_21_15_31_58
[203]UPDATE test_event_01
[204]UPDATE test_event_02
[205]UPDATE event_2020_9_21_14_25_05
[206]SELECT events
[207]GET /insbe/getIndividuals
[208]GET /insbe/getTags
[209]SELECT events
[210]GET /insbe/getTags
[211]GET /insbe/getIndividuals
[212][CRON] excuting cron task
[213]GET http://192.168.3.4/instamove/events
[214]UPDATE test_event_03
[215]UPDATE test_event_0001
[216]UPDATE event_2020_9_21_15_31_58
[217]UPDATE test_event_01
[218]UPDATE test_event_02
[219]UPDATE event_2020_9_21_14_25_05
[220]SELECT events
[221]GET /insbe/getIndividuals
[222]GET /insbe/getTags
[223]SELECT events
[224]GET /insbe/getIndividuals
[225]GET /insbe/getTags
[226][CRON] excuting cron task
[227]GET http://192.168.3.4/instamove/events
[228]UPDATE test_event_03
[229]UPDATE test_event_0001
[230]UPDATE event_2020_9_21_15_31_58
[231]UPDATE test_event_01
[232]UPDATE test_event_02
[233]UPDATE event_2020_9_21_14_25_05
[234]SELECT events
[235]GET /insbe/getTags
[236]GET /insbe/getIndividuals
[237]SELECT events
[238]GET /insbe/getIndividuals
[239]GET /insbe/getTags
[240][CRON] excuting cron task
[241]GET http://192.168.3.4/instamove/events
[242]UPDATE test_event_03
[243]UPDATE test_event_0001
[244]UPDATE event_2020_9_21_15_31_58
[245]UPDATE test_event_01
[246]UPDATE test_event_02
[247]UPDATE event_2020_9_21_14_25_05
[248]SELECT events
[249]GET /insbe/getIndividuals
[250]GET /insbe/getTags
[251]SELECT events
[252]GET /insbe/getTags
[253]GET /insbe/getIndividuals
[254][CRON] excuting cron task
[255]GET http://192.168.3.4/instamove/events
[256]UPDATE test_event_03
[257]UPDATE test_event_0001
[258]UPDATE event_2020_9_21_15_31_58
[259]UPDATE test_event_01
[260]UPDATE test_event_02
[261]UPDATE event_2020_9_21_14_25_05
[262]SELECT events
[263]GET /insbe/getIndividuals
[264]GET /insbe/getTags
[265]SELECT events
[266]GET /insbe/getIndividuals
[267]GET /insbe/getTags
[268][CRON] excuting cron task
[269]GET http://192.168.3.4/instamove/events
[270]UPDATE test_event_03
[271]UPDATE test_event_0001
[272]UPDATE event_2020_9_21_15_31_58
[273]UPDATE test_event_01
[274]UPDATE test_event_02
[275]UPDATE event_2020_9_21_14_25_05
[276]SELECT events
[277]GET /insbe/getTags
[278]GET /insbe/getIndividuals
[279]SELECT events
[280]GET /insbe/getIndividuals
[281]GET /insbe/getTags
